2020-10-19 17:07:53 WARN   file:48 - Reciver Несанкцианированная попытка входа
2020-10-19 17:07:59 WARN   file:48 - Reciver Несанкцианированная попытка входа
2020-10-19 17:09:07 INFO   file:30 - Пользователь admin осуществил вход
2020-11-06 18:00:28 INFO   file:30 - Пользователь admin осуществил вход
2020-11-06 19:33:07 INFO   file:30 - Пользователь admin осуществил вход
2020-11-06 19:33:49 INFO   file:49 - Добавлен товар Product = '00000003 | LED телевизор LG 43UK6200PLA Ultra HD 4K | 23990.0 | 8'
2020-11-06 19:34:05 INFO   file:49 - Добавлен товар Product = '00000003 | LED телевизор LG 43UK6200PLA Ultra HD 4K | 23990.0 | 6'
2020-11-06 19:34:08 INFO   file:49 - Добавлен товар Product = '00000003 | LED телевизор LG 43UK6200PLA Ultra HD 4K | 23990.0 | 4'
2020-11-06 19:34:56 INFO   file:49 - Добавлен товар Product = '00000003 | LED телевизор LG 43UK6200PLA Ultra HD 4K | 23990.0 | 2'
2020-11-07 15:34:39 INFO   file:43 - Зарегестрирован новый пользователь dima
2020-11-07 15:34:58 INFO   file:30 - Пользователь dima осуществил вход
2020-11-07 16:35:02 INFO   file:30 - Пользователь dima осуществил вход
2020-11-07 16:40:26 INFO   file:30 - Пользователь dima осуществил вход
2020-11-07 16:52:41 INFO   file:30 - Пользователь dima осуществил вход
2020-11-07 16:58:48 INFO   file:30 - Пользователь dima осуществил вход
2020-11-07 17:00:27 INFO   file:30 - Пользователь dima осуществил вход
2020-11-07 17:01:27 INFO   file:30 - Пользователь dima осуществил вход
2020-11-07 17:04:12 INFO   file:30 - Пользователь dima осуществил вход
2020-11-07 17:05:09 INFO   file:30 - Пользователь dima осуществил вход
2020-11-07 17:10:20 INFO   file:30 - Пользователь dima осуществил вход
2020-11-07 17:14:45 INFO   file:30 - Пользователь dima осуществил вход
2020-11-07 17:18:58 INFO   file:30 - Пользователь dima осуществил вход
2020-11-07 17:23:53 INFO   file:49 - Добавлен товар Product = '00000002 | LED телевизор XIAOMI Mi TV 4A 32 HD READY | 11990.0 | 9'
2020-11-07 17:29:39 INFO   file:30 - Пользователь admin осуществил вход
2020-11-07 17:36:27 INFO   file:30 - Пользователь dima осуществил вход
2020-11-07 18:24:45 INFO   file:30 - Пользователь dima осуществил вход
2020-11-07 18:41:27 INFO   file:49 - Добавлен товар Product = '00000002 | LED телевизор XIAOMI Mi TV 4A 32 HD READY | 11990.0 | 8'
2020-11-07 18:44:45 INFO   file:49 - Добавлен товар Product = '00000007 | LED телевизор XIAOMI Mi TV 4S 55 Ultra HD 4K | 33990.0 | 9'
2020-11-07 18:47:36 INFO   file:49 - Добавлен товар Product = '00000005 | LED телевизор XIAOMI Mi TV 4S 43 Ultra HD 4K | 22990.0 | 9'
2020-11-07 19:41:17 INFO   file:30 - Пользователь dima осуществил вход
2020-11-07 19:54:56 INFO   file:30 - Пользователь admin осуществил вход
2020-11-07 20:06:28 INFO   file:30 - Пользователь dima осуществил вход
2020-11-07 20:16:01 INFO   file:49 - Добавлен товар Product = '00000008 | LED телевизор SAMSUNG UE32M5500AUXRU FULL HD | 24499.0 | 9'
2020-11-07 21:05:41 INFO   file:30 - Пользователь dima осуществил вход
2020-11-07 21:06:24 INFO   file:49 - Добавлен товар Product = '00000012 | LED телевизор DIGMA DM-LED32MQ10 HD READY | 7290.0 | 8'
2020-11-07 21:09:42 INFO   file:49 - Добавлен товар Product = '00000001 | LED телевизор SAMSUNG T32E310EX FULL HD | 15190.0 | 6'
2020-11-07 21:12:27 INFO   file:49 - Добавлен товар Product = '00000001 | LED телевизор SAMSUNG T32E310EX FULL HD | 15190.0 | 5'
2020-11-07 21:17:21 INFO   file:49 - Добавлен товар Product = '00000004 | LED телевизор XIAOMI Mi TV 4S 50 Ultra HD 4K | 27990.0 | 8'
2020-11-07 21:21:23 INFO   file:49 - Добавлен товар Product = '00000008 | LED телевизор SAMSUNG UE32M5500AUXRU FULL HD | 24499.0 | 8'
